<?xml version="1.0" encoding="UTF-8"?>
<testsuite name="com.tlaliNantli.tlaliNantliBackend.TlaliNantliBackendApplicationTests" tests="1" skipped="0" failures="0" errors="0" timestamp="2024-11-21T20:43:10" hostname="donacion-Latitude-7490" time="0.517">
  <properties/>
  <testcase name="contextLoads()" classname="com.tlaliNantli.tlaliNantliBackend.TlaliNantliBackendApplicationTests" time="0.517"/>
  <system-out><![CDATA[14:43:05.722 [Test worker] INFO org.springframework.test.context.support.AnnotationConfigContextLoaderUtils -- Could not detect default configuration classes for test class [com.tlaliNantli.tlaliNantliBackend.TlaliNantliBackendApplicationTests]: TlaliNantliBackendApplicationTests does not declare any static, non-private, non-final, nested classes annotated with @Configuration.
14:43:05.840 [Test worker] INFO org.springframework.boot.test.context.SpringBootTestContextBootstrapper -- Found @SpringBootConfiguration com.tlaliNantli.tlaliNantliBackend.TlaliNantliBackendApplication for test class com.tlaliNantli.tlaliNantliBackend.TlaliNantliBackendApplicationTests

  .   ____          _            __ _ _
 /\\ / ___'_ __ _ _(_)_ __  __ _ \ \ \ \
( ( )\___ | '_ | '_| | '_ \/ _` | \ \ \ \
 \\/  ___)| |_)| | | | | || (_| |  ) ) ) )
  '  |____| .__|_| |_|_| |_\__, | / / / /
 =========|_|==============|___/=/_/_/_/

 :: Spring Boot ::                (v3.3.5)

2024-11-21T14:43:06.274-06:00  INFO 49698 --- [tlaliNantliBackend] [    Test worker] c.t.t.TlaliNantliBackendApplicationTests : Starting TlaliNantliBackendApplicationTests using Java 17.0.13 with PID 49698 (started by donacion in /home/donacion/Documentos/Generation/practicasDesarrolloWeb/proyectoIntegrador/tlaliNantli/backend/backend-tlali-nantli-ecommerce/tlaliNantliBackend)
2024-11-21T14:43:06.277-06:00  INFO 49698 --- [tlaliNantliBackend] [    Test worker] c.t.t.TlaliNantliBackendApplicationTests : No active profile set, falling back to 1 default profile: "default"
2024-11-21T14:43:07.135-06:00  INFO 49698 --- [tlaliNantliBackend] [    Test worker] .s.d.r.c.RepositoryConfigurationDelegate : Bootstrapping Spring Data JPA repositories in DEFAULT mode.
2024-11-21T14:43:07.225-06:00  INFO 49698 --- [tlaliNantliBackend] [    Test worker] .s.d.r.c.RepositoryConfigurationDelegate : Finished Spring Data repository scanning in 79 ms. Found 5 JPA repository interfaces.
2024-11-21T14:43:07.842-06:00  INFO 49698 --- [tlaliNantliBackend] [    Test worker] com.zaxxer.hikari.HikariDataSource       : HikariPool-1 - Starting...
2024-11-21T14:43:08.070-06:00  INFO 49698 --- [tlaliNantliBackend] [    Test worker] com.zaxxer.hikari.pool.HikariPool        : HikariPool-1 - Added connection conn0: url=jdbc:h2:mem:1b282c6e-927b-47cb-89f5-5cabf32cc42f user=SA
2024-11-21T14:43:08.072-06:00  INFO 49698 --- [tlaliNantliBackend] [    Test worker] com.zaxxer.hikari.HikariDataSource       : HikariPool-1 - Start completed.
2024-11-21T14:43:08.130-06:00  INFO 49698 --- [tlaliNantliBackend] [    Test worker] o.hibernate.jpa.internal.util.LogHelper  : HHH000204: Processing PersistenceUnitInfo [name: default]
2024-11-21T14:43:08.197-06:00  INFO 49698 --- [tlaliNantliBackend] [    Test worker] org.hibernate.Version                    : HHH000412: Hibernate ORM core version 6.5.3.Final
2024-11-21T14:43:08.239-06:00  INFO 49698 --- [tlaliNantliBackend] [    Test worker] o.h.c.internal.RegionFactoryInitiator    : HHH000026: Second-level cache disabled
2024-11-21T14:43:08.568-06:00  INFO 49698 --- [tlaliNantliBackend] [    Test worker] o.s.o.j.p.SpringPersistenceUnitInfo      : No LoadTimeWeaver setup: ignoring JPA class transformer
2024-11-21T14:43:09.533-06:00  INFO 49698 --- [tlaliNantliBackend] [    Test worker] o.h.e.t.j.p.i.JtaPlatformInitiator       : HHH000489: No JTA platform available (set 'hibernate.transaction.jta.platform' to enable JTA platform integration)
2024-11-21T14:43:09.581-06:00  INFO 49698 --- [tlaliNantliBackend] [    Test worker] j.LocalContainerEntityManagerFactoryBean : Initialized JPA EntityManagerFactory for persistence unit 'default'
2024-11-21T14:43:10.101-06:00  WARN 49698 --- [tlaliNantliBackend] [    Test worker] JpaBaseConfiguration$JpaWebConfiguration : spring.jpa.open-in-view is enabled by default. Therefore, database queries may be performed during view rendering. Explicitly configure spring.jpa.open-in-view to disable this warning
2024-11-21T14:43:10.909-06:00  INFO 49698 --- [tlaliNantliBackend] [    Test worker] c.t.t.TlaliNantliBackendApplicationTests : Started TlaliNantliBackendApplicationTests in 4.886 seconds (process running for 5.981)
]]></system-out>
  <system-err><![CDATA[]]></system-err>
</testsuite>
